Using pre-set license
Built from '2020.3/china_unity/release' branch; Version is '2020.3.11f1c1 (77449f27ef9b) revision 7816351'; Using compiler version '192528614'; Build Type 'Release'
OS: 'Windows 10 Home China; OS build 19043.1052; Version 2009; 64bit' Language: 'zh' Physical Memory: 8035 MB
BatchMode: 1, IsHumanControllingUs: 0, StartBugReporterOnCrash: 0, Is64bit: 1, IsPro: 0

 COMMAND LINE ARGUMENTS:
C:\Program Files\Unity\Hub\Editor\2020.3.11f1c1\Editor\Unity.exe
-adb2
-batchMode
-noUpm
-name
AssetImportWorker0
-projectPath
C:/Users/15480/Documents/CGProjects/CG1-Final/MMMCube
-logFile
Logs/AssetImportWorker0.log
-srvPort
13372
Successfully changed project path to: C:/Users/15480/Documents/CGProjects/CG1-Final/MMMCube
C:/Users/15480/Documents/CGProjects/CG1-Final/MMMCube
Using Asset Import Pipeline V2.
Refreshing native plugins compatible for Editor in 43.47 ms, found 2 plugins.
Preloading 0 native plugins for Editor in 0.00 ms.
Initialize engine version: 2020.3.11f1c1 (77449f27ef9b)
[Subsystems] Discovering subsystems at path C:/Program Files/Unity/Hub/Editor/2020.3.11f1c1/Editor/Data/Resources/UnitySubsystems
[Subsystems] Discovering subsystems at path C:/Users/15480/Documents/CGProjects/CG1-Final/MMMCube/Assets
GfxDevice: creating device client; threaded=0
Direct3D:
    Version:  Direct3D 11.0 [level 11.1]
    Renderer: NVIDIA GeForce GTX 1650 (ID=0x1f91)
    Vendor:   
    VRAM:     3962 MB
    Driver:   26.21.14.4223
Initialize mono
Mono path[0] = 'C:/Program Files/Unity/Hub/Editor/2020.3.11f1c1/Editor/Data/Managed'
Mono path[1] = 'C:/Program Files/Unity/Hub/Editor/2020.3.11f1c1/Editor/Data/MonoBleedingEdge/lib/mono/unityjit'
Mono config path = 'C:/Program Files/Unity/Hub/Editor/2020.3.11f1c1/Editor/Data/MonoBleedingEdge/etc'
Using monoOptions --debugger-agent=transport=dt_socket,embedding=1,server=y,suspend=n,address=127.0.0.1:56420
Begin MonoManager ReloadAssembly
Registering precompiled unity dll's ...
Register platform support module: C:/Program Files/Unity/Hub/Editor/2020.3.11f1c1/Editor/Data/PlaybackEngines/WindowsStandaloneSupport/UnityEditor.WindowsStandalone.Extensions.dll
Registered in 0.008502 seconds.
Native extension for WindowsStandalone target not found
Refreshing native plugins compatible for Editor in 27.13 ms, found 2 plugins.
Preloading 0 native plugins for Editor in 0.00 ms.
Mono: successfully reloaded assembly
- Completed reload, in  1.945 seconds
Platform modules already initialized, skipping
Registering precompiled user dll's ...
Registered in 0.013145 seconds.
Begin MonoManager ReloadAssembly
Native extension for WindowsStandalone target not found
Refreshing native plugins compatible for Editor in 0.28 ms, found 2 plugins.
Preloading 0 native plugins for Editor in 0.00 ms.
Mono: successfully reloaded assembly
- Completed reload, in  1.184 seconds
Platform modules already initialized, skipping
========================================================================
Worker process is ready to serve import requests
Launched and connected shader compiler UnityShaderCompiler.exe after 0.07 seconds
Refreshing native plugins compatible for Editor in 0.51 ms, found 2 plugins.
Preloading 0 native plugins for Editor in 0.00 ms.
Unloading 1396 Unused Serialized files (Serialized files now loaded: 0)
System memory in use before: 64.8 MB.
System memory in use after: 64.9 MB.

Unloading 18 unused Assets to reduce memory usage. Loaded Objects now: 1830.
Total: 1.735700 ms (FindLiveObjects: 0.152100 ms CreateObjectMapping: 0.048600 ms MarkObjects: 1.474100 ms  DeleteObjects: 0.059200 ms)

========================================================================
Received Import Request.
  path: Assets/MCube1
  artifactKey: Guid(6c76a2eda8270144886a6f5bebc2ff80) Importer(815301076,1909f56bfc062723c751e8b465ee728b)
Start importing Assets/MCube1 using Guid(6c76a2eda8270144886a6f5bebc2ff80) Importer(815301076,1909f56bfc062723c751e8b465ee728b)  -> (artifact id: 'cf6d83dfaa20286cd50db14c1d3258a0') in 0.006838 seconds
  Import took 0.008773 seconds .

========================================================================
Received Import Request.
  Time since last request: 0.000231 seconds.
  path: Assets/MCube1/Main.unity
  artifactKey: Guid(aaf66dc70e151df46b8c998f28109ca9) Importer(815301076,1909f56bfc062723c751e8b465ee728b)
Start importing Assets/MCube1/Main.unity using Guid(aaf66dc70e151df46b8c998f28109ca9) Importer(815301076,1909f56bfc062723c751e8b465ee728b)  -> (artifact id: '738a42a5a0fda29ddafefbaa80284223') in 0.012474 seconds
  Import took 0.014378 seconds .

========================================================================
Received Prepare
Registering precompiled user dll's ...
Registered in 0.014668 seconds.
Begin MonoManager ReloadAssembly
Native extension for WindowsStandalone target not found
Refreshing native plugins compatible for Editor in 0.34 ms, found 2 plugins.
Preloading 0 native plugins for Editor in 0.00 ms.
Mono: successfully reloaded assembly
- Completed reload, in  1.502 seconds
Platform modules already initialized, skipping
Refreshing native plugins compatible for Editor in 0.31 ms, found 2 plugins.
Preloading 0 native plugins for Editor in 0.00 ms.
Unloading 1390 Unused Serialized files (Serialized files now loaded: 0)
System memory in use before: 64.7 MB.
System memory in use after: 64.8 MB.

Unloading 13 unused Assets to reduce memory usage. Loaded Objects now: 1833.
Total: 2.254100 ms (FindLiveObjects: 0.169100 ms CreateObjectMapping: 0.049800 ms MarkObjects: 2.004700 ms  DeleteObjects: 0.029300 ms)

========================================================================
Received Import Request.
  Time since last request: 118.002363 seconds.
  path: Assets/MCube1/Scripts
  artifactKey: Guid(55b8d0dfdf07c874f939c3c4239e2553) Importer(815301076,1909f56bfc062723c751e8b465ee728b)
Start importing Assets/MCube1/Scripts using Guid(55b8d0dfdf07c874f939c3c4239e2553) Importer(815301076,1909f56bfc062723c751e8b465ee728b)  -> (artifact id: '409063520b793dc8061a19f4cec112ab') in 0.008676 seconds
  Import took 0.012344 seconds .

========================================================================
Received Import Request.
  Time since last request: 2.957241 seconds.
  path: Assets/MCube1/Scripts/LittleMarchingCubeShower.cs
  artifactKey: Guid(21d0f2491b12a5947974a0853ea7bcd1) Importer(815301076,1909f56bfc062723c751e8b465ee728b)
Start importing Assets/MCube1/Scripts/LittleMarchingCubeShower.cs using Guid(21d0f2491b12a5947974a0853ea7bcd1) Importer(815301076,1909f56bfc062723c751e8b465ee728b)  -> (artifact id: '377b0b5e0240a2f4a682bdf0ed3072d3') in 0.053808 seconds
  Import took 0.056537 seconds .

========================================================================
Received Import Request.
  Time since last request: 7.917014 seconds.
  path: Assets/MCube1/Scripts/LittleMarchingCubeShowerInspector.cs
  artifactKey: Guid(5f988d6dc49be974c97b6f64aca81744) Importer(815301076,1909f56bfc062723c751e8b465ee728b)
Start importing Assets/MCube1/Scripts/LittleMarchingCubeShowerInspector.cs using Guid(5f988d6dc49be974c97b6f64aca81744) Importer(815301076,1909f56bfc062723c751e8b465ee728b)  -> (artifact id: 'd937edb96dce5af5277e7788f41bc29c') in 0.006806 seconds
  Import took 0.009643 seconds .

========================================================================
Received Import Request.
  Time since last request: 0.765370 seconds.
  path: Assets/MCube1/Scripts/TestVectors.cs
  artifactKey: Guid(ea46bcafb4ba60a429061942d5e07c85) Importer(815301076,1909f56bfc062723c751e8b465ee728b)
Start importing Assets/MCube1/Scripts/TestVectors.cs using Guid(ea46bcafb4ba60a429061942d5e07c85) Importer(815301076,1909f56bfc062723c751e8b465ee728b)  -> (artifact id: 'd54e37271f51a3636497d5a6415224f2') in 0.005759 seconds
  Import took 0.008017 seconds .

========================================================================
Received Import Request.
  Time since last request: 2.190880 seconds.
  path: Assets/MCube1/Scripts/Generators
  artifactKey: Guid(ffba0cbc3458b8846b74df063f85dcec) Importer(815301076,1909f56bfc062723c751e8b465ee728b)
Start importing Assets/MCube1/Scripts/Generators using Guid(ffba0cbc3458b8846b74df063f85dcec) Importer(815301076,1909f56bfc062723c751e8b465ee728b)  -> (artifact id: 'd78fa26b6a33e6a89e928d6f24187ff4') in 0.005385 seconds
  Import took 0.008200 seconds .

========================================================================
Received Import Request.
  Time since last request: 0.000566 seconds.
  path: Assets/MCube1/Scripts/Generators
  artifactKey: Guid(ffba0cbc3458b8846b74df063f85dcec) Importer(815301076,1909f56bfc062723c751e8b465ee728b)
Start importing Assets/MCube1/Scripts/Generators using Guid(ffba0cbc3458b8846b74df063f85dcec) Importer(815301076,1909f56bfc062723c751e8b465ee728b)  -> (artifact id: 'd78fa26b6a33e6a89e928d6f24187ff4') in 0.005087 seconds
  Import took 0.007789 seconds .

========================================================================
Received Import Request.
  Time since last request: 0.537234 seconds.
  path: Assets/MCube1/Scripts/Generators/DataStructures.cs
  artifactKey: Guid(1e0e24509868d0947b0197e38d7756b6) Importer(815301076,1909f56bfc062723c751e8b465ee728b)
Start importing Assets/MCube1/Scripts/Generators/DataStructures.cs using Guid(1e0e24509868d0947b0197e38d7756b6) Importer(815301076,1909f56bfc062723c751e8b465ee728b)  -> (artifact id: '0fe5d65e66c4bfe1c6380587749f9eea') in 0.005408 seconds
  Import took 0.007872 seconds .

========================================================================
Received Import Request.
  Time since last request: 0.980916 seconds.
  path: Assets/MCube1/Scripts/Generators/MarchingCubeCPUGenerator.cs
  artifactKey: Guid(485715e7b9c6ad348b54b0563dd1a57c) Importer(815301076,1909f56bfc062723c751e8b465ee728b)
Start importing Assets/MCube1/Scripts/Generators/MarchingCubeCPUGenerator.cs using Guid(485715e7b9c6ad348b54b0563dd1a57c) Importer(815301076,1909f56bfc062723c751e8b465ee728b)  -> (artifact id: 'c11abfab31ea193c4a72a3b3651f401e') in 0.006380 seconds
  Import took 0.009712 seconds .

========================================================================
Received Import Request.
  Time since last request: 0.502675 seconds.
  path: Assets/MCube1/Scripts/Generators/Perlin3DGenerator.cs
  artifactKey: Guid(a28cb0ba09b07c14db27fa9516f9bc49) Importer(815301076,1909f56bfc062723c751e8b465ee728b)
Start importing Assets/MCube1/Scripts/Generators/Perlin3DGenerator.cs using Guid(a28cb0ba09b07c14db27fa9516f9bc49) Importer(815301076,1909f56bfc062723c751e8b465ee728b)  -> (artifact id: '0e9a335152cf2a46f531ad084bb934cf') in 0.006114 seconds
  Import took 0.008892 seconds .

========================================================================
Received Import Request.
  Time since last request: 3.070123 seconds.
  path: Assets/MCube1/Scripts/Generators/ComputeShaders
  artifactKey: Guid(f9597b2b5eff2dc46b50e7dc331baeae) Importer(815301076,1909f56bfc062723c751e8b465ee728b)
Start importing Assets/MCube1/Scripts/Generators/ComputeShaders using Guid(f9597b2b5eff2dc46b50e7dc331baeae) Importer(815301076,1909f56bfc062723c751e8b465ee728b)  -> (artifact id: '13a41378bfad8f9b13ea5205690a4366') in 0.005875 seconds
  Import took 0.008497 seconds .

========================================================================
Received Import Request.
  Time since last request: 0.000697 seconds.
  path: Assets/MCube1/Scripts/Generators/ComputeShaders
  artifactKey: Guid(f9597b2b5eff2dc46b50e7dc331baeae) Importer(815301076,1909f56bfc062723c751e8b465ee728b)
Start importing Assets/MCube1/Scripts/Generators/ComputeShaders using Guid(f9597b2b5eff2dc46b50e7dc331baeae) Importer(815301076,1909f56bfc062723c751e8b465ee728b)  -> (artifact id: '13a41378bfad8f9b13ea5205690a4366') in 0.005068 seconds
  Import took 0.008004 seconds .

========================================================================
Received Import Request.
  Time since last request: 0.038532 seconds.
  path: Assets/MCube1/Scripts/Generators/ComputeShaders/MarchingCube.compute
  artifactKey: Guid(a695cd1c59e0b3c4f84f43a678b96ad9) Importer(815301076,1909f56bfc062723c751e8b465ee728b)
Start importing Assets/MCube1/Scripts/Generators/ComputeShaders/MarchingCube.compute using Guid(a695cd1c59e0b3c4f84f43a678b96ad9) Importer(815301076,1909f56bfc062723c751e8b465ee728b)  -> (artifact id: 'efc5c28530f30152efa95f0a941cf40c') in 0.019977 seconds
  Import took 0.022600 seconds .

AssetImportWorkerClient::OnTransportError - code=2 error=End of file
